<?xml version="1.0" encoding="UTF-8"?>
<testsuite xmlns:xsi="http://www.w3.org/2001/XMLSchema-instance" xsi:noNamespaceSchemaLocation="https://maven.apache.org/surefire/maven-surefire-plugin/xsd/surefire-test-report.xsd" name="site.nomoreparties.stellarburgers.MainPageTest" time="13.622" tests="3" errors="0" skipped="0" failures="0">
  <properties>
[...]
</properties>
  <testcase name="isFillingsDisplayedTest" classname="site.nomoreparties.stellarburgers.MainPageTest" time="4.684"/>
  <testcase name="isBreadsDisplayedTest" classname="site.nomoreparties.stellarburgers.MainPageTest" time="4.282"/>
  <testcase name="isSaucesDisplayedTest" classname="site.nomoreparties.stellarburgers.MainPageTest" time="4.642"/>
</testsuite>